<?xml version="1.0" encoding="UTF-8"?>
<!-- Generated by org.testng.reporters.JUnitReportReporter -->
<testsuite hostname="Krishnaprasad" failures="0" tests="2" name="ui.vc.testcases.WeatherDataSearchPageTest" time="18.002" errors="0" timestamp="2023-07-20T13:06:05 IST" skipped="0">
  <testcase classname="ui.vc.testcases.WeatherDataSearchPageTest" name="verifyCorrectPageforSearch" time="9.461"/>
  <testcase classname="ui.vc.testcases.WeatherDataSearchPageTest" name="valideateNavigationToHistoryPage" time="8.541"/>
</testsuite> <!-- ui.vc.testcases.WeatherDataSearchPageTest -->
