<?xml version="1.0" encoding="UTF-8"?>
<!-- Generated by org.testng.reporters.JUnitReportReporter -->
<testsuite hostname="Krishnaprasad" failures="0" tests="2" name="api.testcases.GetEndpointTest" time="6.003" errors="0" timestamp="2023-07-20T13:06:05 IST" skipped="0">
  <testcase classname="api.testcases.GetEndpointTest" name="testGetEndpoint" time="1.637"/>
  <testcase classname="api.testcases.GetEndpointTest" name="testGetEndpoint" time="4.366"/>
</testsuite> <!-- api.testcases.GetEndpointTest -->
