<?xml version="1.0" encoding="UTF-8"?>
<!-- Generated by org.testng.reporters.JUnitReportReporter -->
<testsuite hostname="Krishnaprasad" failures="0" tests="2" name="ui.vc.testcases.HomePageTest" time="15.018" errors="0" timestamp="2023-07-20T13:06:05 IST" skipped="0">
  <testcase classname="ui.vc.testcases.HomePageTest" name="validateHomePageTitle" time="7.628"/>
  <testcase classname="ui.vc.testcases.HomePageTest" name="weatherAPIClickTest" time="7.390"/>
</testsuite> <!-- ui.vc.testcases.HomePageTest -->
