<?xml version="1.0" encoding="UTF-8"?>
<!-- Generated by org.testng.reporters.JUnitReportReporter -->
<testsuite hostname="Krishnaprasad" failures="0" tests="2" name="ui.vc.testcases.WeatherHistoryPageTest" time="16.848" errors="0" timestamp="2023-07-20T13:06:05 IST" skipped="0">
  <testcase classname="ui.vc.testcases.WeatherHistoryPageTest" name="verifyCorrectPageforHistory" time="7.830"/>
  <testcase classname="ui.vc.testcases.WeatherHistoryPageTest" name="validateMinMaxTempPrecip" time="9.018"/>
</testsuite> <!-- ui.vc.testcases.WeatherHistoryPageTest -->
